-------------------------------------------------------------------------------
Test set: CreatingCourierTests
-------------------------------------------------------------------------------
Tests run: 5, Failures: 0, Errors: 2, Skipped: 0, Time elapsed: 14.454 s <<< FAILURE! - in CreatingCourierTests
courierNotCanBeCreatedDoubleLoginReturnErrorMessageTest(CreatingCourierTests)  Time elapsed: 0.238 s  <<< ERROR!
java.lang.IllegalArgumentException: object cannot be null
	at CreatingCourierTests.courierNotCanBeCreatedDoubleLoginReturnErrorMessageTest(CreatingCourierTests.java:87)

courierNotCanBeCreatedDoubleCourierReturnErrorMessageTest(CreatingCourierTests)  Time elapsed: 0.167 s  <<< ERROR!
java.lang.IllegalArgumentException: object cannot be null
	at CreatingCourierTests.courierNotCanBeCreatedDoubleCourierReturnErrorMessageTest(CreatingCourierTests.java:69)

