<?xml version="1.0" encoding="UTF-8"?>
<testsuite xmlns:xsi="http://www.w3.org/2001/XMLSchema-instance" xsi:noNamespaceSchemaLocation="https://maven.apache.org/surefire/maven-surefire-plugin/xsd/surefire-test-report.xsd" name="LoginCourierTests" time="63.307" tests="5" errors="0" skipped="0" failures="1">
  <properties>
[...]
</properties>
  <testcase name="notCanBeLoginIsEmptyLoginReturnErrorMessageTest" classname="LoginCourierTests" time="0.833"/>
  <testcase name="canBeLoginTest" classname="LoginCourierTests" time="0.666"/>
  <testcase name="notCanBeLoginIsInvalidPasswordReturnErrorMessageTest" classname="LoginCourierTests" time="0.638"/>
  <testcase name="notCanBeLoginIsInvalidLoginReturnErrorMessageTest" classname="LoginCourierTests" time="0.573"/>
  <testcase name="notCanBeLoginIsEmptyPasswordReturnErrorMessageTest" classname="LoginCourierTests" time="60.577">
    <failure message="Status code incorrect expected:&lt;400&gt; but was:&lt;504&gt;" type="java.lang.AssertionError"><![CDATA[java.lang.AssertionError: Status code incorrect expected:<400> but was:<504>
	at LoginCourierTests.notCanBeLoginIsEmptyPasswordReturnErrorMessageTest(LoginCourierTests.java:52)
]]></failure>
  </testcase>
</testsuite>